# JRE version: Java(TM) SE Runtime Environment (8.0_144-b01) (build 1.8.0_144-b01)
# Java VM: Java HotSpot(TM) 64-Bit Server VM (25.144-b01 mixed mode windows-amd64 compressed oops)
Heap:
 PSYoungGen      total 93696K, used 17595K [0x00000000eab00000, 0x00000000f1200000, 0x0000000100000000)
  eden space 85504K, 16% used [0x00000000eab00000,0x00000000eb8e9b28,0x00000000efe80000)
  from space 8192K, 40% used [0x00000000f0200000,0x00000000f05451f0,0x00000000f0a00000)
  to   space 6656K, 0% used [0x00000000f0b80000,0x00000000f0b80000,0x00000000f1200000)
 ParOldGen       total 38912K, used 11549K [0x00000000c0000000, 0x00000000c2600000, 0x00000000eab00000)
  object space 38912K, 29% used [0x00000000c0000000,0x00000000c0b47768,0x00000000c2600000)
 Metaspace       used 32425K, capacity 33886K, committed 34048K, reserved 1079296K
  class space    used 4202K, capacity 4488K, committed 4608K, reserved 1048576K
GC Heap History (10 events):
Event: 4.089 GC heap before
{Heap before GC invocations=9 (full 1):
 PSYoungGen      total 71680K, used 64512K [0x00000000eab00000, 0x00000000ef900000, 0x0000000100000000)
  eden space 64512K, 100% used [0x00000000eab00000,0x00000000eea00000,0x00000000eea00000)
  from space 7168K, 0% used [0x00000000eea00000,0x00000000eea00000,0x00000000ef100000)
  to   space 6144K, 0% used [0x00000000ef100000,0x00000000ef100000,0x00000000ef700000)
 ParOldGen       total 30720K, used 8401K [0x00000000c0000000, 0x00000000c1e00000, 0x00000000eab00000)
  object space 30720K, 27% used [0x00000000c0000000,0x00000000c0834798,0x00000000c1e00000)
 Metaspace       used 22518K, capacity 23198K, committed 23424K, reserved 1069056K
  class space    used 2908K, capacity 3089K, committed 3200K, reserved 1048576K
Event: 4.093 GC heap after
Heap after GC invocations=9 (full 1):
 PSYoungGen      total 69632K, used 3062K [0x00000000eab00000, 0x00000000f2900000, 0x0000000100000000)
  eden space 63488K, 0% used [0x00000000eab00000,0x00000000eab00000,0x00000000ee900000)
  from space 6144K, 49% used [0x00000000ef100000,0x00000000ef3fd980,0x00000000ef700000)
  to   space 8192K, 0% used [0x00000000ee900000,0x00000000ee900000,0x00000000ef100000)
 ParOldGen       total 30720K, used 8409K [0x00000000c0000000, 0x00000000c1e00000, 0x00000000eab00000)
  object space 30720K, 27% used [0x00000000c0000000,0x00000000c0836798,0x00000000c1e00000)
 Metaspace       used 22518K, capacity 23198K, committed 23424K, reserved 1069056K
  class space    used 2908K, capacity 3089K, committed 3200K, reserved 1048576K
}
Event: 4.386 GC heap before
{Heap before GC invocations=10 (full 1):
 PSYoungGen      total 69632K, used 25166K [0x00000000eab00000, 0x00000000f2900000, 0x0000000100000000)
  eden space 63488K, 34% used [0x00000000eab00000,0x00000000ec096028,0x00000000ee900000)
  from space 6144K, 49% used [0x00000000ef100000,0x00000000ef3fd980,0x00000000ef700000)
  to   space 8192K, 0% used [0x00000000ee900000,0x00000000ee900000,0x00000000ef100000)
 ParOldGen       total 30720K, used 8409K [0x00000000c0000000, 0x00000000c1e00000, 0x00000000eab00000)
  object space 30720K, 27% used [0x00000000c0000000,0x00000000c0836798,0x00000000c1e00000)
 Metaspace       used 24309K, capacity 25050K, committed 25216K, reserved 1075200K
  class space    used 3148K, capacity 3349K, committed 3456K, reserved 1048576K
Event: 4.391 GC heap after
Heap after GC invocations=10 (full 1):
 PSYoungGen      total 71680K, used 3973K [0x00000000eab00000, 0x00000000f1300000, 0x0000000100000000)
  eden space 63488K, 0% used [0x00000000eab00000,0x00000000eab00000,0x00000000ee900000)
  from space 8192K, 48% used [0x00000000ee900000,0x00000000eece1700,0x00000000ef100000)
  to   space 7680K, 0% used [0x00000000f0b80000,0x00000000f0b80000,0x00000000f1300000)
 ParOldGen       total 30720K, used 8481K [0x00000000c0000000, 0x00000000c1e00000, 0x00000000eab00000)
  object space 30720K, 27% used [0x00000000c0000000,0x00000000c08487a8,0x00000000c1e00000)
 Metaspace       used 24309K, capacity 25050K, committed 25216K, reserved 1075200K
  class space    used 3148K, capacity 3349K, committed 3456K, reserved 1048576K
}
Event: 4.391 GC heap before
{Heap before GC invocations=11 (full 2):
 PSYoungGen      total 71680K, used 3973K [0x00000000eab00000, 0x00000000f1300000, 0x0000000100000000)
  eden space 63488K, 0% used [0x00000000eab00000,0x00000000eab00000,0x00000000ee900000)
  from space 8192K, 48% used [0x00000000ee900000,0x00000000eece1700,0x00000000ef100000)
  to   space 7680K, 0% used [0x00000000f0b80000,0x00000000f0b80000,0x00000000f1300000)
 ParOldGen       total 30720K, used 8481K [0x00000000c0000000, 0x00000000c1e00000, 0x00000000eab00000)
  object space 30720K, 27% used [0x00000000c0000000,0x00000000c08487a8,0x00000000c1e00000)
 Metaspace       used 24309K, capacity 25050K, committed 25216K, reserved 1075200K
  class space    used 3148K, capacity 3349K, committed 3456K, reserved 1048576K
Event: 4.444 GC heap after
Heap after GC invocations=11 (full 2):
 PSYoungGen      total 71680K, used 0K [0x00000000eab00000, 0x00000000f1300000, 0x0000000100000000)
  eden space 63488K, 0% used [0x00000000eab00000,0x00000000eab00000,0x00000000ee900000)
  from space 8192K, 0% used [0x00000000ee900000,0x00000000ee900000,0x00000000ef100000)
  to   space 7680K, 0% used [0x00000000f0b80000,0x00000000f0b80000,0x00000000f1300000)
 ParOldGen       total 38912K, used 8377K [0x00000000c0000000, 0x00000000c2600000, 0x00000000eab00000)
  object space 38912K, 21% used [0x00000000c0000000,0x00000000c082e738,0x00000000c2600000)
 Metaspace       used 24309K, capacity 25050K, committed 25216K, reserved 1073152K
  class space    used 3148K, capacity 3349K, committed 3456K, reserved 1048576K
}
Event: 5.810 GC heap before
{Heap before GC invocations=12 (full 2):
 PSYoungGen      total 71680K, used 63488K [0x00000000eab00000, 0x00000000f1300000, 0x0000000100000000)
  eden space 63488K, 100% used [0x00000000eab00000,0x00000000ee900000,0x00000000ee900000)
  from space 8192K, 0% used [0x00000000ee900000,0x00000000ee900000,0x00000000ef100000)
  to   space 7680K, 0% used [0x00000000f0b80000,0x00000000f0b80000,0x00000000f1300000)
 ParOldGen       total 38912K, used 8377K [0x00000000c0000000, 0x00000000c2600000, 0x00000000eab00000)
  object space 38912K, 21% used [0x00000000c0000000,0x00000000c082e738,0x00000000c2600000)
 Metaspace       used 29122K, capacity 30542K, committed 30848K, reserved 1077248K
  class space    used 3820K, capacity 4097K, committed 4224K, reserved 1048576K
Event: 5.826 GC heap after
Heap after GC invocations=12 (full 2):
 PSYoungGen      total 92160K, used 6328K [0x00000000eab00000, 0x00000000f1200000, 0x0000000100000000)
  eden space 85504K, 0% used [0x00000000eab00000,0x00000000eab00000,0x00000000efe80000)
  from space 6656K, 95% used [0x00000000f0b80000,0x00000000f11ae158,0x00000000f1200000)
  to   space 8192K, 0% used [0x00000000f0200000,0x00000000f0200000,0x00000000f0a00000)
 ParOldGen       total 38912K, used 8377K [0x00000000c0000000, 0x00000000c2600000, 0x00000000eab00000)
  object space 38912K, 21% used [0x00000000c0000000,0x00000000c082e738,0x00000000c2600000)
 Metaspace       used 29122K, capacity 30542K, committed 30848K, reserved 1077248K
  class space    used 3820K, capacity 4097K, committed 4224K, reserved 1048576K
}
Event: 6.301 GC heap before
{Heap before GC invocations=13 (full 2):
 PSYoungGen      total 92160K, used 91832K [0x00000000eab00000, 0x00000000f1200000, 0x0000000100000000)
  eden space 85504K, 100% used [0x00000000eab00000,0x00000000efe80000,0x00000000efe80000)
  from space 6656K, 95% used [0x00000000f0b80000,0x00000000f11ae158,0x00000000f1200000)
  to   space 8192K, 0% used [0x00000000f0200000,0x00000000f0200000,0x00000000f0a00000)
 ParOldGen       total 38912K, used 8377K [0x00000000c0000000, 0x00000000c2600000, 0x00000000eab00000)
  object space 38912K, 21% used [0x00000000c0000000,0x00000000c082e738,0x00000000c2600000)
 Metaspace       used 31649K, capacity 33072K, committed 33408K, reserved 1079296K
  class space    used 4099K, capacity 4374K, committed 4480K, reserved 1048576K
Event: 6.312 GC heap after
Heap after GC invocations=13 (full 2):
 PSYoungGen      total 93696K, used 3348K [0x00000000eab00000, 0x00000000f1200000, 0x0000000100000000)
  eden space 85504K, 0% used [0x00000000eab00000,0x00000000eab00000,0x00000000efe80000)
  from space 8192K, 40% used [0x00000000f0200000,0x00000000f05451f0,0x00000000f0a00000)
  to   space 6656K, 0% used [0x00000000f0b80000,0x00000000f0b80000,0x00000000f1200000)
 ParOldGen       total 38912K, used 11549K [0x00000000c0000000, 0x00000000c2600000, 0x00000000eab00000)
  object space 38912K, 29% used [0x00000000c0000000,0x00000000c0b47768,0x00000000c2600000)
 Metaspace       used 31649K, capacity 33072K, committed 33408K, reserved 1079296K
  class space    used 4099K, capacity 4374K, committed 4480K, reserved 1048576K
}

